{"numFailedTestSuites":0,"numFailedTests":0,"numPassedTestSuites":2,"numPassedTests":22,"numPendingTestSuites":0,"numPendingTests":0,"numRuntimeErrorTestSuites":0,"numTodoTests":0,"numTotalTestSuites":2,"numTotalTests":22,"openHandles":[],"snapshot":{"added":0,"didUpdate":false,"failure":false,"filesAdded":0,"filesRemoved":0,"filesRemovedList":[],"filesUnmatched":0,"filesUpdated":0,"matched":0,"total":0,"unchecked":0,"uncheckedKeysByFile":[],"unmatched":0,"updated":0},"startTime":1712475113711,"success":true,"testResults":[{"assertionResults":[{"ancestorTitles":["Test add function"],"duration":3,"failureDetails":[],"failureMessages":[],"fullName":"Test add function adds 1 + 2 to equal 3","invocations":1,"location":null,"numPassingAsserts":1,"retryReasons":[],"status":"passed","title":"adds 1 + 2 to equal 3"},{"ancestorTitles":["Test add function"],"duration":0,"failureDetails":[],"failureMessages":[],"fullName":"Test add function adds 123 + 456 to equal 579","invocations":1,"location":null,"numPassingAsserts":1,"retryReasons":[],"status":"passed","title":"adds 123 + 456 to equal 579"},{"ancestorTitles":["Test add function"],"duration":0,"failureDetails":[],"failureMessages":[],"fullName":"Test add function adds 0 + 0 to equal 0","invocations":1,"location":null,"numPassingAsserts":1,"retryReasons":[],"status":"passed","title":"adds 0 + 0 to equal 0"},{"ancestorTitles":["Test subtract function"],"duration":0,"failureDetails":[],"failureMessages":[],"fullName":"Test subtract function subtract 2 - 1 to equal 1","invocations":1,"location":null,"numPassingAsserts":1,"retryReasons":[],"status":"passed","title":"subtract 2 - 1 to equal 1"},{"ancestorTitles":["Test subtract function"],"duration":1,"failureDetails":[],"failureMessages":[],"fullName":"Test subtract function subtract 456 - 123 to equal 333","invocations":1,"location":null,"numPassingAsserts":1,"retryReasons":[],"status":"passed","title":"subtract 456 - 123 to equal 333"},{"ancestorTitles":["Test subtract function"],"duration":1,"failureDetails":[],"failureMessages":[],"fullName":"Test subtract function subtract 900 - 1000 to equal -100","invocations":1,"location":null,"numPassingAsserts":1,"retryReasons":[],"status":"passed","title":"subtract 900 - 1000 to equal -100"},{"ancestorTitles":["Test multiply function"],"duration":0,"failureDetails":[],"failureMessages":[],"fullName":"Test multiply function multiply 2 * 3 to equal 6","invocations":1,"location":null,"numPassingAsserts":1,"retryReasons":[],"status":"passed","title":"multiply 2 * 3 to equal 6"},{"ancestorTitles":["Test multiply function"],"duration":0,"failureDetails":[],"failureMessages":[],"fullName":"Test multiply function multiply 123 * 456 to equal 56088","invocations":1,"location":null,"numPassingAsserts":1,"retryReasons":[],"status":"passed","title":"multiply 123 * 456 to equal 56088"},{"ancestorTitles":["Test multiply function"],"duration":0,"failureDetails":[],"failureMessages":[],"fullName":"Test multiply function multiply 0 * 0 to equal 0","invocations":1,"location":null,"numPassingAsserts":1,"retryReasons":[],"status":"passed","title":"multiply 0 * 0 to equal 0"},{"ancestorTitles":["Test divide function"],"duration":0,"failureDetails":[],"failureMessages":[],"fullName":"Test divide function divide 6 / 2 to equal 3","invocations":1,"location":null,"numPassingAsserts":1,"retryReasons":[],"status":"passed","title":"divide 6 / 2 to equal 3"},{"ancestorTitles":["Test divide function"],"duration":1,"failureDetails":[],"failureMessages":[],"fullName":"Test divide function divide 0 / 123 to equal 0","invocations":1,"location":null,"numPassingAsserts":1,"retryReasons":[],"status":"passed","title":"divide 0 / 123 to equal 0"},{"ancestorTitles":["Test divide function"],"duration":9,"failureDetails":[],"failureMessages":[],"fullName":"Test divide function divide 123 / 0 to throw an error","invocations":1,"location":null,"numPassingAsserts":1,"retryReasons":[],"status":"passed","title":"divide 123 / 0 to throw an error"}],"endTime":1712475114698,"message":"","name":"D:\\documents\\polban\\sem 6\\ppl praktik\\W8\\test\\operations.test.js","startTime":1712475113817,"status":"passed","summary":""},{"assertionResults":[{"ancestorTitles":["Test calculate function"],"duration":3,"failureDetails":[],"failureMessages":[],"fullName":"Test calculate function calculate 1 + 2 to equal 3","invocations":1,"location":null,"numPassingAsserts":1,"retryReasons":[],"status":"passed","title":"calculate 1 + 2 to equal 3"},{"ancestorTitles":["Test calculate function"],"duration":1,"failureDetails":[],"failureMessages":[],"fullName":"Test calculate function calculate 2 - 1 to equal 1","invocations":1,"location":null,"numPassingAsserts":1,"retryReasons":[],"status":"passed","title":"calculate 2 - 1 to equal 1"},{"ancestorTitles":["Test calculate function"],"duration":0,"failureDetails":[],"failureMessages":[],"fullName":"Test calculate function calculate 2 * 3 to equal 6","invocations":1,"location":null,"numPassingAsserts":1,"retryReasons":[],"status":"passed","title":"calculate 2 * 3 to equal 6"},{"ancestorTitles":["Test calculate function"],"duration":1,"failureDetails":[],"failureMessages":[],"fullName":"Test calculate function calculate 6 / 2 to equal 3","invocations":1,"location":null,"numPassingAsserts":1,"retryReasons":[],"status":"passed","title":"calculate 6 / 2 to equal 3"},{"ancestorTitles":["Test calculate function"],"duration":10,"failureDetails":[],"failureMessages":[],"fullName":"Test calculate function calculate 6 / 0 to throw an error","invocations":1,"location":null,"numPassingAsserts":1,"retryReasons":[],"status":"passed","title":"calculate 6 / 0 to throw an error"},{"ancestorTitles":["Test calculate function"],"duration":1,"failureDetails":[],"failureMessages":[],"fullName":"Test calculate function calculate 123 + \"a\" to throw an error","invocations":1,"location":null,"numPassingAsserts":1,"retryReasons":[],"status":"passed","title":"calculate 123 + \"a\" to throw an error"},{"ancestorTitles":["Test calculate function"],"duration":1,"failureDetails":[],"failureMessages":[],"fullName":"Test calculate function calculate 32768 + 1 to throw an error","invocations":1,"location":null,"numPassingAsserts":1,"retryReasons":[],"status":"passed","title":"calculate 32768 + 1 to throw an error"},{"ancestorTitles":["Test calculate function"],"duration":1,"failureDetails":[],"failureMessages":[],"fullName":"Test calculate function calculate 1 + 32768 to throw an error","invocations":1,"location":null,"numPassingAsserts":1,"retryReasons":[],"status":"passed","title":"calculate 1 + 32768 to throw an error"},{"ancestorTitles":["Test calculate function"],"duration":1,"failureDetails":[],"failureMessages":[],"fullName":"Test calculate function calculate 123 \"//\" 456 to throw an error","invocations":1,"location":null,"numPassingAsserts":1,"retryReasons":[],"status":"passed","title":"calculate 123 \"//\" 456 to throw an error"},{"ancestorTitles":["Test calculate function"],"duration":1,"failureDetails":[],"failureMessages":[],"fullName":"Test calculate function calculate 123 \"a\" 456 to throw an error","invocations":1,"location":null,"numPassingAsserts":1,"retryReasons":[],"status":"passed","title":"calculate 123 \"a\" 456 to throw an error"}],"endTime":1712475114941,"message":"","name":"D:\\documents\\polban\\sem 6\\ppl praktik\\W8\\test\\calculate.test.js","startTime":1712475114732,"status":"passed","summary":""}],"wasInterrupted":false,"coverageMap":{"D:\\documents\\polban\\sem 6\\ppl praktik\\W8\\src\\operations.js":{"path":"D:\\documents\\polban\\sem 6\\ppl praktik\\W8\\src\\operations.js","statementMap":{"0":{"start":{"line":2,"column":4},"end":{"line":2,"column":16}},"1":{"start":{"line":6,"column":4},"end":{"line":6,"column":16}},"2":{"start":{"line":10,"column":4},"end":{"line":10,"column":16}},"3":{"start":{"line":14,"column":4},"end":{"line":16,"column":5}},"4":{"start":{"line":15,"column":8},"end":{"line":15,"column":55}},"5":{"start":{"line":17,"column":4},"end":{"line":17,"column":16}}},"fnMap":{"0":{"name":"add","decl":{"start":{"line":1,"column":16},"end":{"line":1,"column":19}},"loc":{"start":{"line":1,"column":26},"end":{"line":3,"column":1}},"line":1},"1":{"name":"subtract","decl":{"start":{"line":5,"column":16},"end":{"line":5,"column":24}},"loc":{"start":{"line":5,"column":31},"end":{"line":7,"column":1}},"line":5},"2":{"name":"multiply","decl":{"start":{"line":9,"column":16},"end":{"line":9,"column":24}},"loc":{"start":{"line":9,"column":31},"end":{"line":11,"column":1}},"line":9},"3":{"name":"divide","decl":{"start":{"line":13,"column":16},"end":{"line":13,"column":22}},"loc":{"start":{"line":13,"column":29},"end":{"line":18,"column":1}},"line":13}},"branchMap":{"0":{"loc":{"start":{"line":14,"column":4},"end":{"line":16,"column":5}},"type":"if","locations":[{"start":{"line":14,"column":4},"end":{"line":16,"column":5}},{"start":{},"end":{}}],"line":14}},"s":{"0":4,"1":4,"2":4,"3":5,"4":2,"5":3},"f":{"0":4,"1":4,"2":4,"3":5},"b":{"0":[2,3]},"_coverageSchema":"1a1c01bbd47fc00a2c39e90264f33305004495a9","hash":"54f35a89f35c571a0f955e5b6d4ffe01a845f684"},"D:\\documents\\polban\\sem 6\\ppl praktik\\W8\\src\\calculate.js":{"path":"D:\\documents\\polban\\sem 6\\ppl praktik\\W8\\src\\calculate.js","statementMap":{"0":{"start":{"line":5,"column":4},"end":{"line":7,"column":5}},"1":{"start":{"line":6,"column":8},"end":{"line":6,"column":58}},"2":{"start":{"line":8,"column":4},"end":{"line":10,"column":5}},"3":{"start":{"line":9,"column":8},"end":{"line":9,"column":50}},"4":{"start":{"line":12,"column":4},"end":{"line":23,"column":5}},"5":{"start":{"line":14,"column":12},"end":{"line":14,"column":29}},"6":{"start":{"line":16,"column":12},"end":{"line":16,"column":34}},"7":{"start":{"line":18,"column":12},"end":{"line":18,"column":34}},"8":{"start":{"line":20,"column":12},"end":{"line":20,"column":32}},"9":{"start":{"line":22,"column":12},"end":{"line":22,"column":66}}},"fnMap":{"0":{"name":"calculate","decl":{"start":{"line":4,"column":16},"end":{"line":4,"column":25}},"loc":{"start":{"line":4,"column":42},"end":{"line":24,"column":1}},"line":4}},"branchMap":{"0":{"loc":{"start":{"line":5,"column":4},"end":{"line":7,"column":5}},"type":"if","locations":[{"start":{"line":5,"column":4},"end":{"line":7,"column":5}},{"start":{},"end":{}}],"line":5},"1":{"loc":{"start":{"line":5,"column":8},"end":{"line":5,"column":54}},"type":"binary-expr","locations":[{"start":{"line":5,"column":8},"end":{"line":5,"column":29}},{"start":{"line":5,"column":33},"end":{"line":5,"column":54}}],"line":5},"2":{"loc":{"start":{"line":8,"column":4},"end":{"line":10,"column":5}},"type":"if","locations":[{"start":{"line":8,"column":4},"end":{"line":10,"column":5}},{"start":{},"end":{}}],"line":8},"3":{"loc":{"start":{"line":8,"column":8},"end":{"line":8,"column":58}},"type":"binary-expr","locations":[{"start":{"line":8,"column":8},"end":{"line":8,"column":18}},{"start":{"line":8,"column":22},"end":{"line":8,"column":31}},{"start":{"line":8,"column":35},"end":{"line":8,"column":45}},{"start":{"line":8,"column":49},"end":{"line":8,"column":58}}],"line":8},"4":{"loc":{"start":{"line":12,"column":4},"end":{"line":23,"column":5}},"type":"switch","locations":[{"start":{"line":13,"column":8},"end":{"line":14,"column":29}},{"start":{"line":15,"column":8},"end":{"line":16,"column":34}},{"start":{"line":17,"column":8},"end":{"line":18,"column":34}},{"start":{"line":19,"column":8},"end":{"line":20,"column":32}},{"start":{"line":21,"column":8},"end":{"line":22,"column":66}}],"line":12}},"s":{"0":10,"1":1,"2":9,"3":2,"4":7,"5":1,"6":1,"7":1,"8":2,"9":2},"f":{"0":10},"b":{"0":[1,9],"1":[10,10],"2":[2,7],"3":[9,9,8,8],"4":[1,1,1,2,2]},"_coverageSchema":"1a1c01bbd47fc00a2c39e90264f33305004495a9","hash":"84d05474f2db4fa84973c2e1f4cee308e2c885a4"}}}
