{"numTotalTestSuites":9,"numPassedTestSuites":9,"numFailedTestSuites":0,"numPendingTestSuites":0,"numTotalTests":24,"numPassedTests":24,"numFailedTests":0,"numPendingTests":0,"numTodoTests":0,"startTime":1712594632861,"success":true,"testResults":[{"assertionResults":[{"ancestorTitles":["","Test calculate function"],"fullName":" Test calculate function calculate 1 + 2 to equal 3","status":"passed","title":"calculate 1 + 2 to equal 3","duration":4,"failureMessages":[]},{"ancestorTitles":["","Test calculate function"],"fullName":" Test calculate function calculate 2 - 1 to equal 1","status":"passed","title":"calculate 2 - 1 to equal 1","duration":0,"failureMessages":[]},{"ancestorTitles":["","Test calculate function"],"fullName":" Test calculate function calculate 2 * 3 to equal 6","status":"passed","title":"calculate 2 * 3 to equal 6","duration":0,"failureMessages":[]},{"ancestorTitles":["","Test calculate function"],"fullName":" Test calculate function calculate 6 / 2 to equal 3","status":"passed","title":"calculate 6 / 2 to equal 3","duration":0,"failureMessages":[]},{"ancestorTitles":["","Test calculate function"],"fullName":" Test calculate function calculate 6 / 0 to throw an error","status":"passed","title":"calculate 6 / 0 to throw an error","duration":2,"failureMessages":[]},{"ancestorTitles":["","Test calculate function"],"fullName":" Test calculate function calculate 123 + \"a\" to throw an error","status":"passed","title":"calculate 123 + \"a\" to throw an error","duration":0,"failureMessages":[]},{"ancestorTitles":["","Test calculate function"],"fullName":" Test calculate function calculate 32768 + 1 to throw an error","status":"passed","title":"calculate 32768 + 1 to throw an error","duration":0,"failureMessages":[]},{"ancestorTitles":["","Test calculate function"],"fullName":" Test calculate function calculate 1 + 32768 to throw an error","status":"passed","title":"calculate 1 + 32768 to throw an error","duration":1,"failureMessages":[]},{"ancestorTitles":["","Test calculate function"],"fullName":" Test calculate function calculate 123 \"//\" 456 to throw an error","status":"passed","title":"calculate 123 \"//\" 456 to throw an error","duration":0,"failureMessages":[]},{"ancestorTitles":["","Test calculate function"],"fullName":" Test calculate function calculate 123 \"a\" 456 to throw an error","status":"passed","title":"calculate 123 \"a\" 456 to throw an error","duration":0,"failureMessages":[]}],"startTime":1712594633441,"endTime":1712594633449,"status":"passed","message":"","name":"D:/documents/polban/sem 6/ppl praktik/W8/test/calculate.test.js"},{"assertionResults":[{"ancestorTitles":["","main"],"fullName":" main should correctly process input and output","status":"passed","title":"should correctly process input and output","duration":4,"failureMessages":[]},{"ancestorTitles":["","main"],"fullName":" main should handle error correctly","status":"passed","title":"should handle error correctly","duration":1,"failureMessages":[]}],"startTime":1712594633443,"endTime":1712594633448,"status":"passed","message":"","name":"D:/documents/polban/sem 6/ppl praktik/W8/test/main.test.js"},{"assertionResults":[{"ancestorTitles":["","Test add function"],"fullName":" Test add function adds 1 + 2 to equal 3","status":"passed","title":"adds 1 + 2 to equal 3","duration":2,"failureMessages":[]},{"ancestorTitles":["","Test add function"],"fullName":" Test add function adds 123 + 456 to equal 579","status":"passed","title":"adds 123 + 456 to equal 579","duration":0,"failureMessages":[]},{"ancestorTitles":["","Test add function"],"fullName":" Test add function adds 0 + 0 to equal 0","status":"passed","title":"adds 0 + 0 to equal 0","duration":0,"failureMessages":[]},{"ancestorTitles":["","Test subtract function"],"fullName":" Test subtract function subtract 2 - 1 to equal 1","status":"passed","title":"subtract 2 - 1 to equal 1","duration":0,"failureMessages":[]},{"ancestorTitles":["","Test subtract function"],"fullName":" Test subtract function subtract 456 - 123 to equal 333","status":"passed","title":"subtract 456 - 123 to equal 333","duration":0,"failureMessages":[]},{"ancestorTitles":["","Test subtract function"],"fullName":" Test subtract function subtract 900 - 1000 to equal -100","status":"passed","title":"subtract 900 - 1000 to equal -100","duration":0,"failureMessages":[]},{"ancestorTitles":["","Test multiply function"],"fullName":" Test multiply function multiply 2 * 3 to equal 6","status":"passed","title":"multiply 2 * 3 to equal 6","duration":0,"failureMessages":[]},{"ancestorTitles":["","Test multiply function"],"fullName":" Test multiply function multiply 123 * 456 to equal 56088","status":"passed","title":"multiply 123 * 456 to equal 56088","duration":0,"failureMessages":[]},{"ancestorTitles":["","Test multiply function"],"fullName":" Test multiply function multiply 0 * 0 to equal 0","status":"passed","title":"multiply 0 * 0 to equal 0","duration":0,"failureMessages":[]},{"ancestorTitles":["","Test divide function"],"fullName":" Test divide function divide 6 / 2 to equal 3","status":"passed","title":"divide 6 / 2 to equal 3","duration":1,"failureMessages":[]},{"ancestorTitles":["","Test divide function"],"fullName":" Test divide function divide 0 / 123 to equal 0","status":"passed","title":"divide 0 / 123 to equal 0","duration":0,"failureMessages":[]},{"ancestorTitles":["","Test divide function"],"fullName":" Test divide function divide 123 / 0 to throw an error","status":"passed","title":"divide 123 / 0 to throw an error","duration":1,"failureMessages":[]}],"startTime":1712594633446,"endTime":1712594633451,"status":"passed","message":"","name":"D:/documents/polban/sem 6/ppl praktik/W8/test/operations.test.js"}]}