{"numTotalTestSuites":9,"numPassedTestSuites":9,"numFailedTestSuites":0,"numPendingTestSuites":0,"numTotalTests":14,"numPassedTests":14,"numFailedTests":0,"numPendingTests":0,"numTodoTests":0,"startTime":1713948233309,"success":true,"testResults":[{"assertionResults":[{"ancestorTitles":["","Test calculate function"],"fullName":" Test calculate function Operasi pertambahan 2 angka","status":"passed","title":"Operasi pertambahan 2 angka","duration":4,"failureMessages":[]},{"ancestorTitles":["","Test calculate function"],"fullName":" Test calculate function Operasi pengurangan 2 angka","status":"passed","title":"Operasi pengurangan 2 angka","duration":0,"failureMessages":[]},{"ancestorTitles":["","Test calculate function"],"fullName":" Test calculate function Operasi perkalian 2 angka","status":"passed","title":"Operasi perkalian 2 angka","duration":0,"failureMessages":[]},{"ancestorTitles":["","Test calculate function"],"fullName":" Test calculate function Operasi pembagian 2 angka","status":"passed","title":"Operasi pembagian 2 angka","duration":1,"failureMessages":[]},{"ancestorTitles":["","Test calculate function"],"fullName":" Test calculate function Operator salah","status":"passed","title":"Operator salah","duration":2,"failureMessages":[]},{"ancestorTitles":["","Test calculate function"],"fullName":" Test calculate function Operand bukan angka","status":"passed","title":"Operand bukan angka","duration":1,"failureMessages":[]},{"ancestorTitles":["","Test calculate function"],"fullName":" Test calculate function Operand yang dimasukan melebihi range","status":"passed","title":"Operand yang dimasukan melebihi range","duration":0,"failureMessages":[]}],"startTime":1713948235235,"endTime":1713948235244,"status":"passed","message":"","name":"D:/documents/polban/sem 6/ppl praktik/W8/test/calculate.test.js"},{"assertionResults":[{"ancestorTitles":["","Test main function"],"fullName":" Test main function Calculate tidak menghasilkan error","status":"passed","title":"Calculate tidak menghasilkan error","duration":7,"failureMessages":[]},{"ancestorTitles":["","Test main function"],"fullName":" Test main function Calculate menghasilkan error","status":"passed","title":"Calculate menghasilkan error","duration":1,"failureMessages":[]}],"startTime":1713948235217,"endTime":1713948235225,"status":"passed","message":"","name":"D:/documents/polban/sem 6/ppl praktik/W8/test/main.test.js"},{"assertionResults":[{"ancestorTitles":["","Test add function"],"fullName":" Test add function Operasi penambahan 2 angka","status":"passed","title":"Operasi penambahan 2 angka","duration":2,"failureMessages":[]},{"ancestorTitles":["","Test subtract function"],"fullName":" Test subtract function Operasi pengurangan 2 angka","status":"passed","title":"Operasi pengurangan 2 angka","duration":1,"failureMessages":[]},{"ancestorTitles":["","Test multiply function"],"fullName":" Test multiply function Operasi perkalian 2 angka","status":"passed","title":"Operasi perkalian 2 angka","duration":0,"failureMessages":[]},{"ancestorTitles":["","Test divide function"],"fullName":" Test divide function Operasi pembagian 2 angka","status":"passed","title":"Operasi pembagian 2 angka","duration":0,"failureMessages":[]},{"ancestorTitles":["","Test divide function"],"fullName":" Test divide function Operasi pembagian dengan penyebut nol","status":"passed","title":"Operasi pembagian dengan penyebut nol","duration":1,"failureMessages":[]}],"startTime":1713948235205,"endTime":1713948235209,"status":"passed","message":"","name":"D:/documents/polban/sem 6/ppl praktik/W8/test/operations.test.js"}]}