{"numTotalTestSuites":5,"numPassedTestSuites":5,"numFailedTestSuites":0,"numPendingTestSuites":0,"numTotalTests":9,"numPassedTests":9,"numFailedTests":0,"numPendingTests":0,"numTodoTests":0,"startTime":1713689352715,"success":true,"testResults":[{"assertionResults":[{"ancestorTitles":["","Test add function"],"fullName":" Test add function Operasi penambahan 2 angka","status":"passed","title":"Operasi penambahan 2 angka","duration":3,"failureMessages":[]},{"ancestorTitles":["","Test subtract function"],"fullName":" Test subtract function subtract 2 - 1 to equal 1","status":"passed","title":"subtract 2 - 1 to equal 1","duration":1,"failureMessages":[]},{"ancestorTitles":["","Test subtract function"],"fullName":" Test subtract function subtract 456 - 123 to equal 333","status":"passed","title":"subtract 456 - 123 to equal 333","duration":1,"failureMessages":[]},{"ancestorTitles":["","Test subtract function"],"fullName":" Test subtract function subtract 900 - 1000 to equal -100","status":"passed","title":"subtract 900 - 1000 to equal -100","duration":1,"failureMessages":[]},{"ancestorTitles":["","Test multiply function"],"fullName":" Test multiply function multiply 2 * 3 to equal 6","status":"passed","title":"multiply 2 * 3 to equal 6","duration":1,"failureMessages":[]},{"ancestorTitles":["","Test multiply function"],"fullName":" Test multiply function multiply 123 * 456 to equal 56088","status":"passed","title":"multiply 123 * 456 to equal 56088","duration":1,"failureMessages":[]},{"ancestorTitles":["","Test multiply function"],"fullName":" Test multiply function multiply 0 * 0 to equal 0","status":"passed","title":"multiply 0 * 0 to equal 0","duration":1,"failureMessages":[]},{"ancestorTitles":["","Test divide function"],"fullName":" Test divide function Operasi pembagian 2 angka","status":"passed","title":"Operasi pembagian 2 angka","duration":1,"failureMessages":[]},{"ancestorTitles":["","Test divide function"],"fullName":" Test divide function Operasi pembagian dengan pembilang nol","status":"passed","title":"Operasi pembagian dengan pembilang nol","duration":7,"failureMessages":[]}],"startTime":1713691726452,"endTime":1713691726470,"status":"passed","message":"","name":"D:/SEM6/PPL/W8/ppl-praktik/test/operations.test.js"}]}