{"numTotalTestSuites":5,"numPassedTestSuites":5,"numFailedTestSuites":0,"numPendingTestSuites":0,"numTotalTests":9,"numPassedTests":9,"numFailedTests":0,"numPendingTests":0,"numTodoTests":0,"startTime":1713689352715,"success":true,"testResults":[{"assertionResults":[{"ancestorTitles":["","Operasi penambahan 2 angka"],"fullName":" Operasi penambahan 2 angka adds 1 + 2 to equal 3","status":"passed","title":"adds 1 + 2 to equal 3","duration":2,"failureMessages":[]},{"ancestorTitles":["","Test subtract function"],"fullName":" Test subtract function subtract 2 - 1 to equal 1","status":"passed","title":"subtract 2 - 1 to equal 1","duration":0,"failureMessages":[]},{"ancestorTitles":["","Test subtract function"],"fullName":" Test subtract function subtract 456 - 123 to equal 333","status":"passed","title":"subtract 456 - 123 to equal 333","duration":1,"failureMessages":[]},{"ancestorTitles":["","Test subtract function"],"fullName":" Test subtract function subtract 900 - 1000 to equal -100","status":"passed","title":"subtract 900 - 1000 to equal -100","duration":0,"failureMessages":[]},{"ancestorTitles":["","Test multiply function"],"fullName":" Test multiply function multiply 2 * 3 to equal 6","status":"passed","title":"multiply 2 * 3 to equal 6","duration":0,"failureMessages":[]},{"ancestorTitles":["","Test multiply function"],"fullName":" Test multiply function multiply 123 * 456 to equal 56088","status":"passed","title":"multiply 123 * 456 to equal 56088","duration":0,"failureMessages":[]},{"ancestorTitles":["","Test multiply function"],"fullName":" Test multiply function multiply 0 * 0 to equal 0","status":"passed","title":"multiply 0 * 0 to equal 0","duration":0,"failureMessages":[]},{"ancestorTitles":["","Operasi pembagian 2 angka"],"fullName":" Operasi pembagian 2 angka divide 6 / 2 to equal 3","status":"passed","title":"divide 6 / 2 to equal 3","duration":0,"failureMessages":[]},{"ancestorTitles":["","Operasi pembagian 2 angka"],"fullName":" Operasi pembagian 2 angka Operasi pembagian dengan pembilang nol","status":"passed","title":"Operasi pembagian dengan pembilang nol","duration":2,"failureMessages":[]}],"startTime":1713691426651,"endTime":1713691426656,"status":"passed","message":"","name":"D:/SEM6/PPL/W8/ppl-praktik/test/operations.test.js"}]}