{"D:\\SEM6\\PPL\\W8\\ppl-praktik\\src\\operations.js": {"path":"D:\\SEM6\\PPL\\W8\\ppl-praktik\\src\\operations.js","all":false,"statementMap":{"0":{"start":{"line":1,"column":0},"end":{"line":1,"column":27}},"1":{"start":{"line":2,"column":0},"end":{"line":2,"column":16}},"2":{"start":{"line":3,"column":0},"end":{"line":3,"column":1}},"3":{"start":{"line":4,"column":0},"end":{"line":4,"column":0}},"4":{"start":{"line":5,"column":0},"end":{"line":5,"column":32}},"5":{"start":{"line":6,"column":0},"end":{"line":6,"column":16}},"6":{"start":{"line":7,"column":0},"end":{"line":7,"column":1}},"7":{"start":{"line":8,"column":0},"end":{"line":8,"column":0}},"8":{"start":{"line":9,"column":0},"end":{"line":9,"column":32}},"9":{"start":{"line":10,"column":0},"end":{"line":10,"column":16}},"10":{"start":{"line":11,"column":0},"end":{"line":11,"column":1}},"11":{"start":{"line":12,"column":0},"end":{"line":12,"column":0}},"12":{"start":{"line":13,"column":0},"end":{"line":13,"column":30}},"13":{"start":{"line":14,"column":0},"end":{"line":14,"column":18}},"14":{"start":{"line":15,"column":0},"end":{"line":15,"column":55}},"15":{"start":{"line":16,"column":0},"end":{"line":16,"column":5}},"16":{"start":{"line":17,"column":0},"end":{"line":17,"column":16}},"17":{"start":{"line":18,"column":0},"end":{"line":18,"column":1}}},"s":{"0":1,"1":1,"2":1,"3":1,"4":1,"5":3,"6":3,"7":1,"8":1,"9":3,"10":3,"11":1,"12":1,"13":2,"14":1,"15":1,"16":1,"17":1},"branchMap":{"0":{"type":"branch","line":1,"loc":{"start":{"line":1,"column":7},"end":{"line":3,"column":1}},"locations":[{"start":{"line":1,"column":7},"end":{"line":3,"column":1}}]},"1":{"type":"branch","line":5,"loc":{"start":{"line":5,"column":7},"end":{"line":7,"column":1}},"locations":[{"start":{"line":5,"column":7},"end":{"line":7,"column":1}}]},"2":{"type":"branch","line":9,"loc":{"start":{"line":9,"column":7},"end":{"line":11,"column":1}},"locations":[{"start":{"line":9,"column":7},"end":{"line":11,"column":1}}]},"3":{"type":"branch","line":13,"loc":{"start":{"line":13,"column":7},"end":{"line":18,"column":1}},"locations":[{"start":{"line":13,"column":7},"end":{"line":18,"column":1}}]},"4":{"type":"branch","line":14,"loc":{"start":{"line":14,"column":17},"end":{"line":18,"column":1}},"locations":[{"start":{"line":14,"column":17},"end":{"line":18,"column":1}}]}},"b":{"0":[1],"1":[3],"2":[3],"3":[2],"4":[1]},"fnMap":{"0":{"name":"add","decl":{"start":{"line":1,"column":7},"end":{"line":3,"column":1}},"loc":{"start":{"line":1,"column":7},"end":{"line":3,"column":1}},"line":1},"1":{"name":"subtract","decl":{"start":{"line":5,"column":7},"end":{"line":7,"column":1}},"loc":{"start":{"line":5,"column":7},"end":{"line":7,"column":1}},"line":5},"2":{"name":"multiply","decl":{"start":{"line":9,"column":7},"end":{"line":11,"column":1}},"loc":{"start":{"line":9,"column":7},"end":{"line":11,"column":1}},"line":9},"3":{"name":"divide","decl":{"start":{"line":13,"column":7},"end":{"line":18,"column":1}},"loc":{"start":{"line":13,"column":7},"end":{"line":18,"column":1}},"line":13}},"f":{"0":1,"1":3,"2":3,"3":2}}
}
